[2023-04-04T15:15:02.593+0000] {taskinstance.py:1083} INFO - Dependencies all met for <TaskInstance: student_project_1.done manual__2023-04-04T15:14:52.921265+00:00 [queued]>
[2023-04-04T15:15:02.600+0000] {taskinstance.py:1083} INFO - Dependencies all met for <TaskInstance: student_project_1.done manual__2023-04-04T15:14:52.921265+00:00 [queued]>
[2023-04-04T15:15:02.600+0000] {taskinstance.py:1279} INFO - 
--------------------------------------------------------------------------------
[2023-04-04T15:15:02.600+0000] {taskinstance.py:1280} INFO - Starting attempt 1 of 1
[2023-04-04T15:15:02.601+0000] {taskinstance.py:1281} INFO - 
--------------------------------------------------------------------------------
[2023-04-04T15:15:02.608+0000] {taskinstance.py:1300} INFO - Executing <Task(BashOperator): done> on 2023-04-04 15:14:52.921265+00:00
[2023-04-04T15:15:02.615+0000] {standard_task_runner.py:55} INFO - Started process 1373 to run task
[2023-04-04T15:15:02.619+0000] {standard_task_runner.py:82} INFO - Running: ['***', 'tasks', 'run', 'student_project_1', 'done', 'manual__2023-04-04T15:14:52.921265+00:00', '--job-id', '119', '--raw', '--subdir', 'DAGS_FOLDER/main.py', '--cfg-path', '/tmp/tmpyf2ah23q']
[2023-04-04T15:15:02.620+0000] {standard_task_runner.py:83} INFO - Job 119: Subtask done
[2023-04-04T15:15:02.675+0000] {task_command.py:388} INFO - Running <TaskInstance: student_project_1.done manual__2023-04-04T15:14:52.921265+00:00 [running]> on host c674d51e959b
[2023-04-04T15:15:02.719+0000] {taskinstance.py:1509} INFO - Exporting the following env vars:
AIRFLOW_CTX_DAG_OWNER=***
AIRFLOW_CTX_DAG_ID=student_project_1
AIRFLOW_CTX_TASK_ID=done
AIRFLOW_CTX_EXECUTION_DATE=2023-04-04T15:14:52.921265+00:00
AIRFLOW_CTX_TRY_NUMBER=1
AIRFLOW_CTX_DAG_RUN_ID=manual__2023-04-04T15:14:52.921265+00:00
[2023-04-04T15:15:02.723+0000] {subprocess.py:63} INFO - Tmp dir root location: 
 /tmp
[2023-04-04T15:15:02.724+0000] {subprocess.py:75} INFO - Running command: ['/bin/bash', '-c', 'echo "Selesai"']
[2023-04-04T15:15:02.737+0000] {subprocess.py:86} INFO - Output:
[2023-04-04T15:15:02.745+0000] {subprocess.py:93} INFO - Selesai
[2023-04-04T15:15:02.745+0000] {subprocess.py:97} INFO - Command exited with return code 0
[2023-04-04T15:15:02.774+0000] {taskinstance.py:1323} INFO - Marking task as SUCCESS. dag_id=student_project_1, task_id=done, execution_date=20230404T151452, start_date=20230404T151502, end_date=20230404T151502
[2023-04-04T15:15:02.836+0000] {local_task_job.py:208} INFO - Task exited with return code 0
[2023-04-04T15:15:02.851+0000] {taskinstance.py:2578} INFO - 0 downstream tasks scheduled from follow-on schedule check
