[2023-04-04T15:18:06.140+0000] {taskinstance.py:1083} INFO - Dependencies all met for <TaskInstance: student_project_1.buat_file manual__2023-04-04T15:18:02.593064+00:00 [queued]>
[2023-04-04T15:18:06.146+0000] {taskinstance.py:1083} INFO - Dependencies all met for <TaskInstance: student_project_1.buat_file manual__2023-04-04T15:18:02.593064+00:00 [queued]>
[2023-04-04T15:18:06.147+0000] {taskinstance.py:1279} INFO - 
--------------------------------------------------------------------------------
[2023-04-04T15:18:06.147+0000] {taskinstance.py:1280} INFO - Starting attempt 1 of 1
[2023-04-04T15:18:06.148+0000] {taskinstance.py:1281} INFO - 
--------------------------------------------------------------------------------
[2023-04-04T15:18:06.155+0000] {taskinstance.py:1300} INFO - Executing <Task(PythonOperator): buat_file> on 2023-04-04 15:18:02.593064+00:00
[2023-04-04T15:18:06.160+0000] {standard_task_runner.py:55} INFO - Started process 1571 to run task
[2023-04-04T15:18:06.164+0000] {standard_task_runner.py:82} INFO - Running: ['***', 'tasks', 'run', 'student_project_1', 'buat_file', 'manual__2023-04-04T15:18:02.593064+00:00', '--job-id', '121', '--raw', '--subdir', 'DAGS_FOLDER/main.py', '--cfg-path', '/tmp/tmpiccrim6z']
[2023-04-04T15:18:06.165+0000] {standard_task_runner.py:83} INFO - Job 121: Subtask buat_file
[2023-04-04T15:18:06.218+0000] {task_command.py:388} INFO - Running <TaskInstance: student_project_1.buat_file manual__2023-04-04T15:18:02.593064+00:00 [running]> on host c674d51e959b
[2023-04-04T15:18:06.262+0000] {taskinstance.py:1509} INFO - Exporting the following env vars:
AIRFLOW_CTX_DAG_OWNER=***
AIRFLOW_CTX_DAG_ID=student_project_1
AIRFLOW_CTX_TASK_ID=buat_file
AIRFLOW_CTX_EXECUTION_DATE=2023-04-04T15:18:02.593064+00:00
AIRFLOW_CTX_TRY_NUMBER=1
AIRFLOW_CTX_DAG_RUN_ID=manual__2023-04-04T15:18:02.593064+00:00
[2023-04-04T15:18:06.272+0000] {logging_mixin.py:137} INFO - Memulai membuat file csv
[2023-04-04T15:18:06.273+0000] {python.py:177} INFO - Done. Returned value was: None
[2023-04-04T15:18:06.281+0000] {taskinstance.py:1323} INFO - Marking task as SUCCESS. dag_id=student_project_1, task_id=buat_file, execution_date=20230404T151802, start_date=20230404T151806, end_date=20230404T151806
[2023-04-04T15:18:06.340+0000] {local_task_job.py:208} INFO - Task exited with return code 0
[2023-04-04T15:18:06.361+0000] {taskinstance.py:2578} INFO - 1 downstream tasks scheduled from follow-on schedule check
