[2023-04-04T15:18:04.882+0000] {taskinstance.py:1083} INFO - Dependencies all met for <TaskInstance: student_project_1.buat_table manual__2023-04-04T15:18:02.593064+00:00 [queued]>
[2023-04-04T15:18:04.892+0000] {taskinstance.py:1083} INFO - Dependencies all met for <TaskInstance: student_project_1.buat_table manual__2023-04-04T15:18:02.593064+00:00 [queued]>
[2023-04-04T15:18:04.893+0000] {taskinstance.py:1279} INFO - 
--------------------------------------------------------------------------------
[2023-04-04T15:18:04.894+0000] {taskinstance.py:1280} INFO - Starting attempt 1 of 1
[2023-04-04T15:18:04.895+0000] {taskinstance.py:1281} INFO - 
--------------------------------------------------------------------------------
[2023-04-04T15:18:04.905+0000] {taskinstance.py:1300} INFO - Executing <Task(PostgresOperator): buat_table> on 2023-04-04 15:18:02.593064+00:00
[2023-04-04T15:18:04.930+0000] {standard_task_runner.py:55} INFO - Started process 1568 to run task
[2023-04-04T15:18:04.935+0000] {standard_task_runner.py:82} INFO - Running: ['***', 'tasks', 'run', 'student_project_1', 'buat_table', 'manual__2023-04-04T15:18:02.593064+00:00', '--job-id', '120', '--raw', '--subdir', 'DAGS_FOLDER/main.py', '--cfg-path', '/tmp/tmpcp9gwiqp']
[2023-04-04T15:18:04.937+0000] {standard_task_runner.py:83} INFO - Job 120: Subtask buat_table
[2023-04-04T15:18:05.009+0000] {task_command.py:388} INFO - Running <TaskInstance: student_project_1.buat_table manual__2023-04-04T15:18:02.593064+00:00 [running]> on host c674d51e959b
[2023-04-04T15:18:05.066+0000] {taskinstance.py:1509} INFO - Exporting the following env vars:
AIRFLOW_CTX_DAG_OWNER=***
AIRFLOW_CTX_DAG_ID=student_project_1
AIRFLOW_CTX_TASK_ID=buat_table
AIRFLOW_CTX_EXECUTION_DATE=2023-04-04T15:18:02.593064+00:00
AIRFLOW_CTX_TRY_NUMBER=1
AIRFLOW_CTX_DAG_RUN_ID=manual__2023-04-04T15:18:02.593064+00:00
[2023-04-04T15:18:05.069+0000] {sql.py:254} INFO - Executing: 
         create table if not exists product(
            id SERIAL PRIMARY KEY,
            sku VARCHAR NOT NULL,
            name VARCHAR NOT NULL,
            stock INTEGER NOT NULL not null default 0
        );
    
[2023-04-04T15:18:05.079+0000] {base.py:73} INFO - Using connection ID 'postgre_***' for task execution.
[2023-04-04T15:18:05.213+0000] {base.py:73} INFO - Using connection ID 'postgre_***' for task execution.
[2023-04-04T15:18:05.218+0000] {sql.py:375} INFO - Running statement: 
         create table if not exists product(
            id SERIAL PRIMARY KEY,
            sku VARCHAR NOT NULL,
            name VARCHAR NOT NULL,
            stock INTEGER NOT NULL not null default 0
        );
    , parameters: None
[2023-04-04T15:18:05.231+0000] {taskinstance.py:1323} INFO - Marking task as SUCCESS. dag_id=student_project_1, task_id=buat_table, execution_date=20230404T151802, start_date=20230404T151804, end_date=20230404T151805
[2023-04-04T15:18:05.274+0000] {local_task_job.py:208} INFO - Task exited with return code 0
[2023-04-04T15:18:05.299+0000] {taskinstance.py:2578} INFO - 1 downstream tasks scheduled from follow-on schedule check
