[2023-04-04T14:06:43.176+0000] {taskinstance.py:1083} INFO - Dependencies all met for <TaskInstance: project_1.create_table manual__2023-04-04T14:06:39.549479+00:00 [queued]>
[2023-04-04T14:06:43.191+0000] {taskinstance.py:1083} INFO - Dependencies all met for <TaskInstance: project_1.create_table manual__2023-04-04T14:06:39.549479+00:00 [queued]>
[2023-04-04T14:06:43.192+0000] {taskinstance.py:1279} INFO - 
--------------------------------------------------------------------------------
[2023-04-04T14:06:43.193+0000] {taskinstance.py:1280} INFO - Starting attempt 1 of 1
[2023-04-04T14:06:43.193+0000] {taskinstance.py:1281} INFO - 
--------------------------------------------------------------------------------
[2023-04-04T14:06:43.227+0000] {taskinstance.py:1300} INFO - Executing <Task(PostgresOperator): create_table> on 2023-04-04 14:06:39.549479+00:00
[2023-04-04T14:06:43.245+0000] {standard_task_runner.py:55} INFO - Started process 443 to run task
[2023-04-04T14:06:43.261+0000] {standard_task_runner.py:82} INFO - Running: ['***', 'tasks', 'run', 'project_1', 'create_table', 'manual__2023-04-04T14:06:39.549479+00:00', '--job-id', '106', '--raw', '--subdir', 'DAGS_FOLDER/main.py', '--cfg-path', '/tmp/tmpsksgqzwb']
[2023-04-04T14:06:43.264+0000] {standard_task_runner.py:83} INFO - Job 106: Subtask create_table
[2023-04-04T14:06:43.343+0000] {task_command.py:388} INFO - Running <TaskInstance: project_1.create_table manual__2023-04-04T14:06:39.549479+00:00 [running]> on host 5a0c266ff4c6
[2023-04-04T14:06:43.398+0000] {taskinstance.py:1509} INFO - Exporting the following env vars:
AIRFLOW_CTX_DAG_OWNER=***
AIRFLOW_CTX_DAG_ID=project_1
AIRFLOW_CTX_TASK_ID=create_table
AIRFLOW_CTX_EXECUTION_DATE=2023-04-04T14:06:39.549479+00:00
AIRFLOW_CTX_TRY_NUMBER=1
AIRFLOW_CTX_DAG_RUN_ID=manual__2023-04-04T14:06:39.549479+00:00
[2023-04-04T14:06:43.401+0000] {sql.py:254} INFO - Executing: 
         create table if not exists product(
            id SERIAL PRIMARY KEY,
            sku VARCHAR NOT NULL,
            name VARCHAR NOT NULL,
            stock INTEGER NOT NULL not null default 0
        );
    
[2023-04-04T14:06:43.411+0000] {base.py:73} INFO - Using connection ID 'postgre_***' for task execution.
[2023-04-04T14:06:44.489+0000] {base.py:73} INFO - Using connection ID 'postgre_***' for task execution.
[2023-04-04T14:06:44.526+0000] {sql.py:375} INFO - Running statement: 
         create table if not exists product(
            id SERIAL PRIMARY KEY,
            sku VARCHAR NOT NULL,
            name VARCHAR NOT NULL,
            stock INTEGER NOT NULL not null default 0
        );
    , parameters: None
[2023-04-04T14:06:44.687+0000] {taskinstance.py:1323} INFO - Marking task as SUCCESS. dag_id=project_1, task_id=create_table, execution_date=20230404T140639, start_date=20230404T140643, end_date=20230404T140644
[2023-04-04T14:06:44.809+0000] {local_task_job.py:208} INFO - Task exited with return code 0
[2023-04-04T14:06:44.858+0000] {taskinstance.py:2578} INFO - 1 downstream tasks scheduled from follow-on schedule check
