[2023-04-04T15:18:09.631+0000] {taskinstance.py:1083} INFO - Dependencies all met for <TaskInstance: student_project_1.done manual__2023-04-04T15:18:02.593064+00:00 [queued]>
[2023-04-04T15:18:09.638+0000] {taskinstance.py:1083} INFO - Dependencies all met for <TaskInstance: student_project_1.done manual__2023-04-04T15:18:02.593064+00:00 [queued]>
[2023-04-04T15:18:09.639+0000] {taskinstance.py:1279} INFO - 
--------------------------------------------------------------------------------
[2023-04-04T15:18:09.639+0000] {taskinstance.py:1280} INFO - Starting attempt 1 of 1
[2023-04-04T15:18:09.639+0000] {taskinstance.py:1281} INFO - 
--------------------------------------------------------------------------------
[2023-04-04T15:18:09.648+0000] {taskinstance.py:1300} INFO - Executing <Task(BashOperator): done> on 2023-04-04 15:18:02.593064+00:00
[2023-04-04T15:18:09.655+0000] {standard_task_runner.py:55} INFO - Started process 1580 to run task
[2023-04-04T15:18:09.661+0000] {standard_task_runner.py:82} INFO - Running: ['***', 'tasks', 'run', 'student_project_1', 'done', 'manual__2023-04-04T15:18:02.593064+00:00', '--job-id', '124', '--raw', '--subdir', 'DAGS_FOLDER/main.py', '--cfg-path', '/tmp/tmpwfcr4t6u']
[2023-04-04T15:18:09.662+0000] {standard_task_runner.py:83} INFO - Job 124: Subtask done
[2023-04-04T15:18:09.747+0000] {task_command.py:388} INFO - Running <TaskInstance: student_project_1.done manual__2023-04-04T15:18:02.593064+00:00 [running]> on host c674d51e959b
[2023-04-04T15:18:09.794+0000] {taskinstance.py:1509} INFO - Exporting the following env vars:
AIRFLOW_CTX_DAG_OWNER=***
AIRFLOW_CTX_DAG_ID=student_project_1
AIRFLOW_CTX_TASK_ID=done
AIRFLOW_CTX_EXECUTION_DATE=2023-04-04T15:18:02.593064+00:00
AIRFLOW_CTX_TRY_NUMBER=1
AIRFLOW_CTX_DAG_RUN_ID=manual__2023-04-04T15:18:02.593064+00:00
[2023-04-04T15:18:09.797+0000] {subprocess.py:63} INFO - Tmp dir root location: 
 /tmp
[2023-04-04T15:18:09.798+0000] {subprocess.py:75} INFO - Running command: ['/bin/bash', '-c', 'echo "Selesai"']
[2023-04-04T15:18:09.809+0000] {subprocess.py:86} INFO - Output:
[2023-04-04T15:18:09.812+0000] {subprocess.py:93} INFO - Selesai
[2023-04-04T15:18:09.813+0000] {subprocess.py:97} INFO - Command exited with return code 0
[2023-04-04T15:18:09.833+0000] {taskinstance.py:1323} INFO - Marking task as SUCCESS. dag_id=student_project_1, task_id=done, execution_date=20230404T151802, start_date=20230404T151809, end_date=20230404T151809
[2023-04-04T15:18:09.873+0000] {local_task_job.py:208} INFO - Task exited with return code 0
[2023-04-04T15:18:09.886+0000] {taskinstance.py:2578} INFO - 0 downstream tasks scheduled from follow-on schedule check
