[2023-04-04T14:06:46.141+0000] {taskinstance.py:1083} INFO - Dependencies all met for <TaskInstance: project_1.create_file manual__2023-04-04T14:06:39.549479+00:00 [queued]>
[2023-04-04T14:06:46.150+0000] {taskinstance.py:1083} INFO - Dependencies all met for <TaskInstance: project_1.create_file manual__2023-04-04T14:06:39.549479+00:00 [queued]>
[2023-04-04T14:06:46.150+0000] {taskinstance.py:1279} INFO - 
--------------------------------------------------------------------------------
[2023-04-04T14:06:46.151+0000] {taskinstance.py:1280} INFO - Starting attempt 1 of 1
[2023-04-04T14:06:46.151+0000] {taskinstance.py:1281} INFO - 
--------------------------------------------------------------------------------
[2023-04-04T14:06:46.161+0000] {taskinstance.py:1300} INFO - Executing <Task(PythonOperator): create_file> on 2023-04-04 14:06:39.549479+00:00
[2023-04-04T14:06:46.169+0000] {standard_task_runner.py:55} INFO - Started process 456 to run task
[2023-04-04T14:06:46.174+0000] {standard_task_runner.py:82} INFO - Running: ['***', 'tasks', 'run', 'project_1', 'create_file', 'manual__2023-04-04T14:06:39.549479+00:00', '--job-id', '107', '--raw', '--subdir', 'DAGS_FOLDER/main.py', '--cfg-path', '/tmp/tmpt8f93533']
[2023-04-04T14:06:46.175+0000] {standard_task_runner.py:83} INFO - Job 107: Subtask create_file
[2023-04-04T14:06:46.280+0000] {task_command.py:388} INFO - Running <TaskInstance: project_1.create_file manual__2023-04-04T14:06:39.549479+00:00 [running]> on host 5a0c266ff4c6
[2023-04-04T14:06:46.413+0000] {taskinstance.py:1509} INFO - Exporting the following env vars:
AIRFLOW_CTX_DAG_OWNER=***
AIRFLOW_CTX_DAG_ID=project_1
AIRFLOW_CTX_TASK_ID=create_file
AIRFLOW_CTX_EXECUTION_DATE=2023-04-04T14:06:39.549479+00:00
AIRFLOW_CTX_TRY_NUMBER=1
AIRFLOW_CTX_DAG_RUN_ID=manual__2023-04-04T14:06:39.549479+00:00
[2023-04-04T14:06:46.471+0000] {logging_mixin.py:137} INFO - Success create file product. . .
[2023-04-04T14:06:46.472+0000] {python.py:177} INFO - Done. Returned value was: None
[2023-04-04T14:06:46.488+0000] {taskinstance.py:1323} INFO - Marking task as SUCCESS. dag_id=project_1, task_id=create_file, execution_date=20230404T140639, start_date=20230404T140646, end_date=20230404T140646
[2023-04-04T14:06:46.552+0000] {local_task_job.py:208} INFO - Task exited with return code 0
[2023-04-04T14:06:46.613+0000] {taskinstance.py:2578} INFO - 1 downstream tasks scheduled from follow-on schedule check
