[2023-04-04T14:06:51.253+0000] {taskinstance.py:1083} INFO - Dependencies all met for <TaskInstance: project_1.finish manual__2023-04-04T14:06:39.549479+00:00 [queued]>
[2023-04-04T14:06:51.261+0000] {taskinstance.py:1083} INFO - Dependencies all met for <TaskInstance: project_1.finish manual__2023-04-04T14:06:39.549479+00:00 [queued]>
[2023-04-04T14:06:51.261+0000] {taskinstance.py:1279} INFO - 
--------------------------------------------------------------------------------
[2023-04-04T14:06:51.262+0000] {taskinstance.py:1280} INFO - Starting attempt 1 of 1
[2023-04-04T14:06:51.263+0000] {taskinstance.py:1281} INFO - 
--------------------------------------------------------------------------------
[2023-04-04T14:06:51.272+0000] {taskinstance.py:1300} INFO - Executing <Task(BashOperator): finish> on 2023-04-04 14:06:39.549479+00:00
[2023-04-04T14:06:51.280+0000] {standard_task_runner.py:55} INFO - Started process 468 to run task
[2023-04-04T14:06:51.284+0000] {standard_task_runner.py:82} INFO - Running: ['***', 'tasks', 'run', 'project_1', 'finish', 'manual__2023-04-04T14:06:39.549479+00:00', '--job-id', '110', '--raw', '--subdir', 'DAGS_FOLDER/main.py', '--cfg-path', '/tmp/tmpp6jnk9qb']
[2023-04-04T14:06:51.284+0000] {standard_task_runner.py:83} INFO - Job 110: Subtask finish
[2023-04-04T14:06:51.348+0000] {task_command.py:388} INFO - Running <TaskInstance: project_1.finish manual__2023-04-04T14:06:39.549479+00:00 [running]> on host 5a0c266ff4c6
[2023-04-04T14:06:51.399+0000] {taskinstance.py:1509} INFO - Exporting the following env vars:
AIRFLOW_CTX_DAG_OWNER=***
AIRFLOW_CTX_DAG_ID=project_1
AIRFLOW_CTX_TASK_ID=finish
AIRFLOW_CTX_EXECUTION_DATE=2023-04-04T14:06:39.549479+00:00
AIRFLOW_CTX_TRY_NUMBER=1
AIRFLOW_CTX_DAG_RUN_ID=manual__2023-04-04T14:06:39.549479+00:00
[2023-04-04T14:06:51.408+0000] {subprocess.py:63} INFO - Tmp dir root location: 
 /tmp
[2023-04-04T14:06:51.409+0000] {subprocess.py:75} INFO - Running command: ['/bin/bash', '-c', 'echo "Selesai"']
[2023-04-04T14:06:51.423+0000] {subprocess.py:86} INFO - Output:
[2023-04-04T14:06:51.431+0000] {subprocess.py:93} INFO - Selesai
[2023-04-04T14:06:51.432+0000] {subprocess.py:97} INFO - Command exited with return code 0
[2023-04-04T14:06:51.485+0000] {taskinstance.py:1323} INFO - Marking task as SUCCESS. dag_id=project_1, task_id=finish, execution_date=20230404T140639, start_date=20230404T140651, end_date=20230404T140651
[2023-04-04T14:06:51.536+0000] {local_task_job.py:208} INFO - Task exited with return code 0
[2023-04-04T14:06:51.553+0000] {taskinstance.py:2578} INFO - 0 downstream tasks scheduled from follow-on schedule check
