[2023-04-04T15:15:01.415+0000] {taskinstance.py:1083} INFO - Dependencies all met for <TaskInstance: student_project_1.hapus_file manual__2023-04-04T15:14:52.921265+00:00 [queued]>
[2023-04-04T15:15:01.420+0000] {taskinstance.py:1083} INFO - Dependencies all met for <TaskInstance: student_project_1.hapus_file manual__2023-04-04T15:14:52.921265+00:00 [queued]>
[2023-04-04T15:15:01.421+0000] {taskinstance.py:1279} INFO - 
--------------------------------------------------------------------------------
[2023-04-04T15:15:01.423+0000] {taskinstance.py:1280} INFO - Starting attempt 1 of 1
[2023-04-04T15:15:01.424+0000] {taskinstance.py:1281} INFO - 
--------------------------------------------------------------------------------
[2023-04-04T15:15:01.435+0000] {taskinstance.py:1300} INFO - Executing <Task(PythonOperator): hapus_file> on 2023-04-04 15:14:52.921265+00:00
[2023-04-04T15:15:01.443+0000] {standard_task_runner.py:55} INFO - Started process 1370 to run task
[2023-04-04T15:15:01.447+0000] {standard_task_runner.py:82} INFO - Running: ['***', 'tasks', 'run', 'student_project_1', 'hapus_file', 'manual__2023-04-04T15:14:52.921265+00:00', '--job-id', '118', '--raw', '--subdir', 'DAGS_FOLDER/main.py', '--cfg-path', '/tmp/tmpl5if8dfq']
[2023-04-04T15:15:01.448+0000] {standard_task_runner.py:83} INFO - Job 118: Subtask hapus_file
[2023-04-04T15:15:01.504+0000] {task_command.py:388} INFO - Running <TaskInstance: student_project_1.hapus_file manual__2023-04-04T15:14:52.921265+00:00 [running]> on host c674d51e959b
[2023-04-04T15:15:01.549+0000] {taskinstance.py:1509} INFO - Exporting the following env vars:
AIRFLOW_CTX_DAG_OWNER=***
AIRFLOW_CTX_DAG_ID=student_project_1
AIRFLOW_CTX_TASK_ID=hapus_file
AIRFLOW_CTX_EXECUTION_DATE=2023-04-04T15:14:52.921265+00:00
AIRFLOW_CTX_TRY_NUMBER=1
AIRFLOW_CTX_DAG_RUN_ID=manual__2023-04-04T15:14:52.921265+00:00
[2023-04-04T15:15:01.552+0000] {logging_mixin.py:137} INFO - Deleting File. . .
[2023-04-04T15:15:01.552+0000] {logging_mixin.py:137} INFO - Deleting File. . .
[2023-04-04T15:15:01.553+0000] {python.py:177} INFO - Done. Returned value was: None
[2023-04-04T15:15:01.560+0000] {taskinstance.py:1323} INFO - Marking task as SUCCESS. dag_id=student_project_1, task_id=hapus_file, execution_date=20230404T151452, start_date=20230404T151501, end_date=20230404T151501
[2023-04-04T15:15:01.579+0000] {local_task_job.py:208} INFO - Task exited with return code 0
[2023-04-04T15:15:01.594+0000] {taskinstance.py:2578} INFO - 1 downstream tasks scheduled from follow-on schedule check
