[2023-04-04T15:15:00.394+0000] {taskinstance.py:1083} INFO - Dependencies all met for <TaskInstance: student_project_1.process manual__2023-04-04T15:14:52.921265+00:00 [queued]>
[2023-04-04T15:15:00.401+0000] {taskinstance.py:1083} INFO - Dependencies all met for <TaskInstance: student_project_1.process manual__2023-04-04T15:14:52.921265+00:00 [queued]>
[2023-04-04T15:15:00.402+0000] {taskinstance.py:1279} INFO - 
--------------------------------------------------------------------------------
[2023-04-04T15:15:00.403+0000] {taskinstance.py:1280} INFO - Starting attempt 1 of 1
[2023-04-04T15:15:00.403+0000] {taskinstance.py:1281} INFO - 
--------------------------------------------------------------------------------
[2023-04-04T15:15:00.412+0000] {taskinstance.py:1300} INFO - Executing <Task(PythonOperator): process> on 2023-04-04 15:14:52.921265+00:00
[2023-04-04T15:15:00.420+0000] {standard_task_runner.py:55} INFO - Started process 1367 to run task
[2023-04-04T15:15:00.424+0000] {standard_task_runner.py:82} INFO - Running: ['***', 'tasks', 'run', 'student_project_1', 'process', 'manual__2023-04-04T15:14:52.921265+00:00', '--job-id', '117', '--raw', '--subdir', 'DAGS_FOLDER/main.py', '--cfg-path', '/tmp/tmpbl1frdic']
[2023-04-04T15:15:00.425+0000] {standard_task_runner.py:83} INFO - Job 117: Subtask process
[2023-04-04T15:15:00.481+0000] {task_command.py:388} INFO - Running <TaskInstance: student_project_1.process manual__2023-04-04T15:14:52.921265+00:00 [running]> on host c674d51e959b
[2023-04-04T15:15:00.526+0000] {taskinstance.py:1509} INFO - Exporting the following env vars:
AIRFLOW_CTX_DAG_OWNER=***
AIRFLOW_CTX_DAG_ID=student_project_1
AIRFLOW_CTX_TASK_ID=process
AIRFLOW_CTX_EXECUTION_DATE=2023-04-04T15:14:52.921265+00:00
AIRFLOW_CTX_TRY_NUMBER=1
AIRFLOW_CTX_DAG_RUN_ID=manual__2023-04-04T15:14:52.921265+00:00
[2023-04-04T15:15:00.537+0000] {base.py:73} INFO - Using connection ID 'postgre_***' for task execution.
[2023-04-04T15:15:00.557+0000] {logging_mixin.py:137} INFO - Proses input data dari csv
[2023-04-04T15:15:00.579+0000] {logging_mixin.py:137} INFO - 0
[2023-04-04T15:15:00.580+0000] {logging_mixin.py:137} INFO - Total number of rows on sku TM1 :  0
[2023-04-04T15:15:00.583+0000] {logging_mixin.py:137} INFO - 0
[2023-04-04T15:15:00.583+0000] {logging_mixin.py:137} INFO - Total number of rows on sku TM2 :  0
[2023-04-04T15:15:00.584+0000] {logging_mixin.py:137} INFO - 0
[2023-04-04T15:15:00.584+0000] {logging_mixin.py:137} INFO - Total number of rows on sku TM3 :  0
[2023-04-04T15:15:00.585+0000] {logging_mixin.py:137} INFO - 0
[2023-04-04T15:15:00.586+0000] {logging_mixin.py:137} INFO - Total number of rows on sku TM4 :  0
[2023-04-04T15:15:00.587+0000] {logging_mixin.py:137} INFO - 0
[2023-04-04T15:15:00.587+0000] {logging_mixin.py:137} INFO - Total number of rows on sku TM5 :  0
[2023-04-04T15:15:00.588+0000] {logging_mixin.py:137} INFO - 0
[2023-04-04T15:15:00.588+0000] {logging_mixin.py:137} INFO - Total number of rows on sku TM6 :  0
[2023-04-04T15:15:00.598+0000] {base.py:73} INFO - Using connection ID 'postgre_***' for task execution.
[2023-04-04T15:15:00.605+0000] {logging_mixin.py:137} INFO - Proses input data dari csv
[2023-04-04T15:15:00.608+0000] {logging_mixin.py:137} INFO - 1
[2023-04-04T15:15:00.608+0000] {logging_mixin.py:137} INFO - Total number of rows on sku TM1 :  1
[2023-04-04T15:15:00.609+0000] {logging_mixin.py:137} INFO - 1
[2023-04-04T15:15:00.609+0000] {logging_mixin.py:137} INFO - Total number of rows on sku TM2 :  1
[2023-04-04T15:15:00.610+0000] {logging_mixin.py:137} INFO - 1
[2023-04-04T15:15:00.610+0000] {logging_mixin.py:137} INFO - Total number of rows on sku TM3 :  1
[2023-04-04T15:15:00.611+0000] {logging_mixin.py:137} INFO - 1
[2023-04-04T15:15:00.611+0000] {logging_mixin.py:137} INFO - Total number of rows on sku TM4 :  1
[2023-04-04T15:15:00.612+0000] {logging_mixin.py:137} INFO - 1
[2023-04-04T15:15:00.612+0000] {logging_mixin.py:137} INFO - Total number of rows on sku TM5 :  1
[2023-04-04T15:15:00.612+0000] {logging_mixin.py:137} INFO - 1
[2023-04-04T15:15:00.613+0000] {logging_mixin.py:137} INFO - Total number of rows on sku TM6 :  1
[2023-04-04T15:15:00.614+0000] {python.py:177} INFO - Done. Returned value was: None
[2023-04-04T15:15:00.623+0000] {taskinstance.py:1323} INFO - Marking task as SUCCESS. dag_id=student_project_1, task_id=process, execution_date=20230404T151452, start_date=20230404T151500, end_date=20230404T151500
[2023-04-04T15:15:00.678+0000] {local_task_job.py:208} INFO - Task exited with return code 0
[2023-04-04T15:15:00.703+0000] {taskinstance.py:2578} INFO - 1 downstream tasks scheduled from follow-on schedule check
